<?xml version="1.0" encoding="UTF-8" ?>
<testsuite failures="1" time="0" errors="0" skipped="0" tests="15" name="org.jreserve.triangle.entities.TriangleGeometryTest">
  <properties>
[...]
</properties>
  <testcase time="0" classname="org.jreserve.triangle.entities.TriangleGeometryTest" name="testConstructor_StartNull"/>
  <testcase time="0" classname="org.jreserve.triangle.entities.TriangleGeometryTest" name="testConstructor_TooFewAccPeriods"/>
  <testcase time="0" classname="org.jreserve.triangle.entities.TriangleGeometryTest" name="testConstructor_TooFewAccMonths"/>
  <testcase time="0" classname="org.jreserve.triangle.entities.TriangleGeometryTest" name="testConstructor_TooFewDevPeriods"/>
  <testcase time="0" classname="org.jreserve.triangle.entities.TriangleGeometryTest" name="testConstructor_TooFewDevMonths"/>
  <testcase time="0" classname="org.jreserve.triangle.entities.TriangleGeometryTest" name="testAccidentStart"/>
  <testcase time="0" classname="org.jreserve.triangle.entities.TriangleGeometryTest" name="testAccidentPeriods"/>
  <testcase time="0" classname="org.jreserve.triangle.entities.TriangleGeometryTest" name="testSetAccidentPeriods_TooFewo"/>
  <testcase time="0" classname="org.jreserve.triangle.entities.TriangleGeometryTest" name="testAccidentMonths"/>
  <testcase time="0" classname="org.jreserve.triangle.entities.TriangleGeometryTest" name="testSetAccidentMonths_TooFewMonths"/>
  <testcase time="0" classname="org.jreserve.triangle.entities.TriangleGeometryTest" name="testDevelopmentPeriods"/>
  <testcase time="0" classname="org.jreserve.triangle.entities.TriangleGeometryTest" name="testSetDevelopmentPeriods_TooFew"/>
  <testcase time="0" classname="org.jreserve.triangle.entities.TriangleGeometryTest" name="testDevelopmentMonths"/>
  <testcase time="0" classname="org.jreserve.triangle.entities.TriangleGeometryTest" name="testSetDevelopmentMonths_TooFewMonths"/>
  <testcase time="0" classname="org.jreserve.triangle.entities.TriangleGeometryTest" name="testToString">
    <failure message="expected:&lt;Geometry [2000-01-01[; 10; 12] / [2000-01-01; ]2; 2]&gt; but was:&lt;Geometry [2000-01-01[] [10; 12] / []2; 2]&gt;" type="org.junit.ComparisonFailure">org.junit.ComparisonFailure: expected:&lt;Geometry [2000-01-01[; 10; 12] / [2000-01-01; ]2; 2]&gt; but was:&lt;Geometry [2000-01-01[] [10; 12] / []2; 2]&gt;
	at org.junit.Assert.assertEquals(Assert.java:125)
	at org.junit.Assert.assertEquals(Assert.java:147)
	at org.jreserve.triangle.entities.TriangleGeometryTest.testToString(TriangleGeometryTest.java:125)
	at sun.reflect.NativeMethodAccessorImpl.invoke0(Native Method)
	at sun.reflect.NativeMethodAccessorImpl.invoke(NativeMethodAccessorImpl.java:39)
	at sun.reflect.DelegatingMethodAccessorImpl.invoke(DelegatingMethodAccessorImpl.java:25)
	at java.lang.reflect.Method.invoke(Method.java:597)
	at org.junit.runners.model.FrameworkMethod$1.runReflectiveCall(FrameworkMethod.java:45)
	at org.junit.internal.runners.model.ReflectiveCallable.run(ReflectiveCallable.java:15)
	at org.junit.runners.model.FrameworkMethod.invokeExplosively(FrameworkMethod.java:42)
	at org.junit.internal.runners.statements.InvokeMethod.evaluate(InvokeMethod.java:20)
	at org.junit.internal.runners.statements.RunBefores.evaluate(RunBefores.java:28)
	at org.junit.runners.ParentRunner.runLeaf(ParentRunner.java:263)
	at org.junit.runners.BlockJUnit4ClassRunner.runChild(BlockJUnit4ClassRunner.java:68)
	at org.junit.runners.BlockJUnit4ClassRunner.runChild(BlockJUnit4ClassRunner.java:47)
	at org.junit.runners.ParentRunner$3.run(ParentRunner.java:231)
	at org.junit.runners.ParentRunner$1.schedule(ParentRunner.java:60)
	at org.junit.runners.ParentRunner.runChildren(ParentRunner.java:229)
	at org.junit.runners.ParentRunner.access$000(ParentRunner.java:50)
	at org.junit.runners.ParentRunner$2.evaluate(ParentRunner.java:222)
	at org.junit.runners.ParentRunner.run(ParentRunner.java:300)
	at org.apache.maven.surefire.junit4.JUnit4Provider.execute(JUnit4Provider.java:252)
	at org.apache.maven.surefire.junit4.JUnit4Provider.executeTestSet(JUnit4Provider.java:141)
	at org.apache.maven.surefire.junit4.JUnit4Provider.invoke(JUnit4Provider.java:112)
	at sun.reflect.NativeMethodAccessorImpl.invoke0(Native Method)
	at sun.reflect.NativeMethodAccessorImpl.invoke(NativeMethodAccessorImpl.java:39)
	at sun.reflect.DelegatingMethodAccessorImpl.invoke(DelegatingMethodAccessorImpl.java:25)
	at java.lang.reflect.Method.invoke(Method.java:597)
	at org.apache.maven.surefire.util.ReflectionUtils.invokeMethodWithArray(ReflectionUtils.java:189)
	at org.apache.maven.surefire.booter.ProviderFactory$ProviderProxy.invoke(ProviderFactory.java:165)
	at org.apache.maven.surefire.booter.ProviderFactory.invokeProvider(ProviderFactory.java:85)
	at org.apache.maven.surefire.booter.ForkedBooter.runSuitesInProcess(ForkedBooter.java:115)
	at org.apache.maven.surefire.booter.ForkedBooter.main(ForkedBooter.java:75)
</failure>
  </testcase>
</testsuite>